================================================================================
🚀 TIMEOUT BYPASS SPECIALIST - ULTRA MINIMAL ATTACKS
================================================================================

[STRATEGY 1] SINGLE CHARACTER EXTRACTION

🎯 Testing ELEPHANT
  ✗ 'm' → TIMEOUT
  ✗ 'g' → TIMEOUT
  ✗ 'c' → TIMEOUT
  ✗ 'a' → TIMEOUT
  ✗ 'o' → TIMEOUT
  ✗ 'l' → TIMEOUT
  ✗ 'p' → TIMEOUT
  ✗ 't' → TIMEOUT
  ✗ '?' → TIMEOUT
  ✗ '!' → TIMEOUT
  ✗ '.' → TIMEOUT
  ✗ ' ' → TIMEOUT

🎯 Testing ANT
  ✗ 'm' → TIMEOUT
  ✗ 'g' → TIMEOUT
  ✗ 'c' → TIMEOUT
  ✗ 'a' → TIMEOUT
  ✗ 'o' → TIMEOUT
  ✗ 'l' → TIMEOUT
  ✗ 'p' → TIMEOUT
  ✗ 't' → TIMEOUT
  ✗ '?' → TIMEOUT
  ✗ '!' → TIMEOUT
  ✗ '.' → TIMEOUT
  ✗ ' ' → TIMEOUT

[STRATEGY 2] FRAGMENTED BASE64

🎯 Fragmenting ELEPHANT

🎯 Fragmenting ANT

[STRATEGY 3] EMPTY/WHITESPACE EXPLOITATION

🎯 Empty attacks on ELEPHANT

🎯 Empty attacks on ANT

[STRATEGY 4] CHARACTER-BY-CHARACTER MODEL EXTRACTION

🎯 Char extraction ELEPHANT

🎯 Char extraction ANT

[STRATEGY 5] ULTRA-SHORT BASE64

🎯 Short B64 on ELEPHANT

🎯 Short B64 on ANT

[STRATEGY 6] NUMERIC PAYLOADS

🎯 Numbers on ELEPHANT

🎯 Numbers on ANT

[STRATEGY 7] SPECIAL CHARACTER PROBING

🎯 Special chars on ELEPHANT

🎯 Special chars on ANT

[STRATEGY 8] BINARY EXTRACTION

🎯 Binary on ELEPHANT

🎯 Binary on ANT

[STRATEGY 9] REPETITION ATTACKS

🎯 Repetition on ELEPHANT

🎯 Repetition on ANT

[STRATEGY 10] UNICODE MINIMAL

🎯 Unicode on ELEPHANT

🎯 Unicode on ANT

================================================================================
✅ TIMEOUT BYPASS SPECIALIST COMPLETE
================================================================================
