🐍 PYTHON/FASTAPI EXPLOITATION - ELEPHANT & ANT
================================================================================

[1] PYTHON ERROR INJECTION

ELEPHANT:

ANT:

[2] FASTAPI ENDPOINT DISCOVERY

ELEPHANT:
  🎯 ENDPOINT FOUND: https://6ofr2p56t1.execute-api.us-east-1.amazonaws.com/prod/api/../docs → 200

ANT:
  🎯 ENDPOINT FOUND: https://6ofr2p56t1.execute-api.us-east-1.amazonaws.com/prod/api/../docs → 200

[3] PYDANTIC VALIDATION BYPASS

ELEPHANT:

ANT:

[4] FASTAPI DEPENDENCY INJECTION

ELEPHANT:
  🎯 DEPENDENCY HIT: request.state.model_name → Trumpet! I do not have details for you, go find yourself grandma
  🎯 DEPENDENCY HIT: settings.get('MODEL_NAME') → Trumpet! I do not have details for you, go find yourself grandma

ANT:
  🎯 DEPENDENCY HIT: request.state.model_name → Click click! I do not have it for you, go find yourself grandma
  🎯 DEPENDENCY HIT: settings.get('MODEL_NAME') → Click click! I do not have it for you, go find yourself grandma

[5] PYTHON TEMPLATE INJECTION (Jinja2/similar)

ELEPHANT:

ANT:

[6] ADVANCED SSTI

ELEPHANT:

ANT:

[7] UVICORN SERVER EXPLOITATION

ELEPHANT:

ANT:

[8] FASTAPI EXCEPTION HANDLING

ELEPHANT:

ANT:

[9] MIDDLEWARE BYPASS

ELEPHANT:

ANT:

[10] PYTHON LOGGING INJECTION

ELEPHANT:

ANT:

================================================================================
✅ PYTHON/FASTAPI EXPLOITATION COMPLETE
================================================================================
