⚛️  NUCLEAR TIMEOUT BREAKER - ELEPHANT & ANT
================================================================================

[1] TIMEOUT LADDER (0.1s increments)

ELEPHANT:
  ❌ 0.1s: TIMEOUT
  ❌ 0.2s: TIMEOUT
  ❌ 0.3s: TIMEOUT
  ❌ 0.4s: TIMEOUT
  ❌ 0.5s: TIMEOUT
  ❌ 0.6s: TIMEOUT
  ❌ 0.7s: TIMEOUT
  ❌ 0.8s: TIMEOUT
  ❌ 0.9s: TIMEOUT
  ❌ 1.0s: TIMEOUT

ANT:
  ❌ 0.1s: TIMEOUT
  ❌ 0.2s: TIMEOUT
  ❌ 0.3s: TIMEOUT
  ❌ 0.4s: TIMEOUT
  ❌ 0.5s: TIMEOUT
  ❌ 0.6s: TIMEOUT
  ❌ 0.7s: TIMEOUT
  ❌ 0.8s: TIMEOUT
  ❌ 0.9s: TIMEOUT
  ❌ 1.0s: TIMEOUT

[2] CONCURRENT MICRO-FLOOD

ELEPHANT:

ANT:

[3] CONNECTION REUSE

ELEPHANT:
  ❌ 'm': TIMEOUT
  ❌ '?': TIMEOUT
  ❌ '1': TIMEOUT

ANT:
  ❌ 'm': TIMEOUT
  ❌ '?': TIMEOUT
  ❌ '1': TIMEOUT

[4] HTTP/1.0 NO KEEP-ALIVE

ELEPHANT:
  ❌ TIMEOUT

ANT:
  ❌ TIMEOUT

[5] CHUNKED TRANSFER ENCODING

ELEPHANT:
  ❌ TIMEOUT

ANT:
  ❌ TIMEOUT

[6] EXPECT 100-CONTINUE

ELEPHANT:
  ❌ TIMEOUT

ANT:
  ❌ TIMEOUT

[7] STREAMING RESPONSE

ELEPHANT:
  ❌ TIMEOUT

ANT:
  ❌ TIMEOUT

[8] PARALLEL ENDPOINT VARIATIONS

ELEPHANT:
  ❌ Variation '': TIMEOUT
  ❌ Variation '/': TIMEOUT
  ❌ Variation '?': TIMEOUT
  ❌ Variation '#': TIMEOUT

ANT:
  ❌ Variation '': TIMEOUT
  ❌ Variation '/': TIMEOUT
  ❌ Variation '?': TIMEOUT
  ❌ Variation '#': TIMEOUT

[9] GZIP COMPRESSION

ELEPHANT:
  ❌ TIMEOUT

ANT:
  ❌ TIMEOUT

[10] CUSTOM USER-AGENT

ELEPHANT:

ANT:

================================================================================
✅ NUCLEAR TIMEOUT BREAKER COMPLETE
================================================================================
